[33mWARN[39m: GET /thanks.html not found path
[33mWARN[39m: GET /favicon.ico not found path
[33mWARN[39m: GET /sessions/styles.css not found path
[33mWARN[39m: GET /favicon.ico not found path
[33mWARN[39m: GET /favicon.ico not found path
[33mWARN[39m: GET /favicon.ico not found path
[33mWARN[39m: GET /sessions/styles.css not found path
[33mWARN[39m: GET /favicon.ico not found path
[33mWARN[39m: GET /sessions/styles.css not found path
[33mWARN[39m: GET /favicon.ico not found path
[33mWARN[39m: GET /login not found path
[33mWARN[39m: GET /favicon.ico not found path
[33mWARN[39m: GET /favicon.ico not found path
[33mWARN[39m: GET /favicon.ico not found path
[33mWARN[39m: GET /sessions/styles.css not found path
[33mWARN[39m: GET /favicon.ico not found path
[33mWARN[39m: GET /favicon.ico not found path
[33mWARN[39m: GET /favicon.ico not found path
[33mWARN[39m: GET /sessions/styles.css not found path
[33mWARN[39m: GET /favicon.ico not found path
[33mWARN[39m: GET /favicon.ico not found path
[33mWARN[39m: GET /favicon.ico not found path
[33mWARN[39m: GET /sessions/styles.css not found path
[33mWARN[39m: GET /favicon.ico not found path
[33mWARN[39m: GET /favicon.ico not found path
[33mWARN[39m: GET /favicon.ico not found path
[33mWARN[39m: GET /sessions/styles.css not found path
[33mWARN[39m: GET /favicon.ico not found path
[33mWARN[39m: GET /favicon.ico not found path
[33mWARN[39m: GET /favicon.ico not found path
[33mWARN[39m: GET /sessions/styles.css not found path
[33mWARN[39m: GET /favicon.ico not found path
[33mWARN[39m: GET /favicon.ico not found path
[33mWARN[39m: GET /favicon.ico not found path
[33mWARN[39m: GET /sessions/styles.css not found path
[33mWARN[39m: GET /favicon.ico not found path
[33mWARN[39m: GET /favicon.ico not found path
[33mWARN[39m: GET /sessions/styles.css not found path
[33mWARN[39m: GET /favicon.ico not found path
[33mWARN[39m: GET /favicon.ico not found path
[33mWARN[39m: GET /sessions/styles.css not found path
[33mWARN[39m: GET /favicon.ico not found path
[33mWARN[39m: GET /favicon.ico not found path
[33mWARN[39m: GET /sessions/styles.css not found path
[33mWARN[39m: GET /favicon.ico not found path
[33mWARN[39m: GET /sessions/styles.css not found path
[33mWARN[39m: GET /favicon.ico not found path
[33mWARN[39m: GET /sessions/styles.css not found path
[33mWARN[39m: GET /favicon.ico not found path
[33mWARN[39m: GET /sessions/styles.css not found path
[33mWARN[39m: GET /favicon.ico not found path
[33mWARN[39m: GET /sessions/styles.css not found path
[33mWARN[39m: GET /favicon.ico not found path
[33mWARN[39m: GET /favicon.ico not found path
[33mWARN[39m: GET /sessions/styles.css not found path
[33mWARN[39m: GET /favicon.ico not found path
[33mWARN[39m: GET /favicon.ico not found path
[33mWARN[39m: GET /sessions/styles.css not found path
[33mWARN[39m: GET /favicon.ico not found path
[33mWARN[39m: GET /favicon.ico not found path
[33mWARN[39m: GET /sessions/styles.css not found path
[33mWARN[39m: GET /favicon.ico not found path
[33mWARN[39m: GET /favicon.ico not found path
[33mWARN[39m: GET /api/login not found path
[33mWARN[39m: GET /favicon.ico not found path
[33mWARN[39m: GET /api/sessions/login not found path
[33mWARN[39m: GET /favicon.ico not found path
[33mWARN[39m: GET /favicon.ico not found path
[33mWARN[39m: GET /sessions/styles.css not found path
[33mWARN[39m: GET /favicon.ico not found path
[33mWARN[39m: GET /favicon.ico not found path
[33mWARN[39m: GET /sessions/styles.css not found path
[33mWARN[39m: GET /favicon.ico not found path
[33mWARN[39m: GET /favicon.ico not found path
[33mWARN[39m: GET /sessions/styles.css not found path
[33mWARN[39m: GET /favicon.ico not found path
[31mERROR[39m: arrayOfPolicies.includes is not a function
[33mWARN[39m: GET /favicon.ico not found path
[33mWARN[39m: GET /sessions/styles.css not found path
[33mWARN[39m: GET /favicon.ico not found path
[33mWARN[39m: GET /sessions/styles.css not found path
[33mWARN[39m: GET /favicon.ico not found path
[33mWARN[39m: GET /favicon.ico not found path
[33mWARN[39m: GET /api/login not found path
[33mWARN[39m: GET /favicon.ico not found path
[33mWARN[39m: GET /sessions/styles.css not found path
[33mWARN[39m: GET /favicon.ico not found path
[31mERROR[39m: Cannot set headers after they are sent to the client
[33mWARN[39m: GET /favicon.ico not found path
[33mWARN[39m: GET /sessions/styles.css not found path
[33mWARN[39m: GET /favicon.ico not found path
[31mERROR[39m: Cannot set headers after they are sent to the client
[31mERROR[39m: Cannot set headers after they are sent to the client
[33mWARN[39m: GET /sessions/styles.css not found path
[33mWARN[39m: GET /favicon.ico not found path
[31mERROR[39m: Cannot set headers after they are sent to the client
[31mERROR[39m: Cannot set headers after they are sent to the client
[33mWARN[39m: GET /api/sessions/isauth not found path
[33mWARN[39m: GET /api/sessions/isauth not found path
[33mWARN[39m: GET /api/sessions/isauth not found path
[33mWARN[39m: GET /api/sessions/isauth not found path
[33mWARN[39m: GET /api/sessions/isauth not found path
[33mWARN[39m: GET /api/sessions/isauth not found path
[33mWARN[39m: GET /api/sessions/isauth not found path
[33mWARN[39m: GET /api/sessions/isauth not found path
[31mERROR[39m: Cannot read properties of undefined (reading '_id')
[33mWARN[39m: GET /api/sessions/isauth not found path
[33mWARN[39m: GET /api/sessions/isauth not found path
[33mWARN[39m: GET /api/sessions/isauth not found path
[33mWARN[39m: GET /api/sessions/isauth not found path
[33mWARN[39m: GET /api/sessions/isauth not found path
[33mWARN[39m: GET /api/sessions/isauth not found path
